2024.10.07 15:57:06 INFO  Started: Metals version 1.3.5 in folders '/home/m2ipint/mohamed.mbengue.etu/Projet-Spring-Boot-React' for client Visual Studio Code 1.94.0.
SLF4J(W): Class path contains multiple SLF4J providers.
SLF4J(W): Found provider [scribe.slf4j.ScribeServiceProvider@6f6f3540]
SLF4J(W): Found provider [ch.qos.logback.classic.spi.LogbackServiceProvider@51cddeb9]
SLF4J(W): See https://www.slf4j.org/codes.html#multiple_bindings for an explanation.
SLF4J(I): Actual provider is of type [scribe.slf4j.ScribeServiceProvider@6f6f3540]
2024.10.07 15:57:06 WARN  Flyway upgrade recommended: H2 2.3.230 is newer than this version of Flyway and support has not been tested. The latest supported version of H2 is 2.2.220.
2024.10.07 15:57:07 INFO  no build target found for /home/m2ipint/mohamed.mbengue.etu/Projet-Spring-Boot-React/student/src/main/java/atelier/student/student/Repository/StudentRepository.java. Using presentation compiler with project's scala-library version: 3.3.3
Oct 07, 2024 3:57:09 PM scala.meta.internal.pc.CompilerAccess handleError
SEVERE: A severe compiler error occurred, full details of the error can be found in the error report /home/m2ipint/mohamed.mbengue.etu/Projet-Spring-Boot-React/.metals/.reports/metals-full/2024-10-07/r_compiler-error_15-57-09-143.md
2024.10.07 15:58:58 INFO  no build target found for /home/m2ipint/mohamed.mbengue.etu/Projet-Spring-Boot-React/student/src/main/java/atelier/student/student/Entity/Stage.java. Using presentation compiler with project's scala-library version: 3.3.3
2024.10.07 15:59:11 INFO  no build target found for /home/m2ipint/mohamed.mbengue.etu/Projet-Spring-Boot-React/student/src/main/java/atelier/student/student/Entity/Student.java. Using presentation compiler with project's scala-library version: 3.3.3
2024.10.07 15:59:19 INFO  no build target found for /home/m2ipint/mohamed.mbengue.etu/Projet-Spring-Boot-React/student/src/main/java/atelier/student/student/Repository/StageRepository.java. Using presentation compiler with project's scala-library version: 3.3.3
2024.10.07 15:59:33 INFO  no build target found for /home/m2ipint/mohamed.mbengue.etu/Projet-Spring-Boot-React/student/src/main/java/atelier/student/student/Repository/StudentRepository.java. Using presentation compiler with project's scala-library version: 3.3.3
Oct 07, 2024 3:59:33 PM scala.meta.internal.pc.CompilerAccess handleError
SEVERE: A severe compiler error occurred, full details of the error can be found in the error report /home/m2ipint/mohamed.mbengue.etu/Projet-Spring-Boot-React/.metals/.reports/metals-full/2024-10-07/r_compiler-error_15-59-33-903.md
2024.10.07 15:59:33 INFO  no build target found for /home/m2ipint/mohamed.mbengue.etu/Projet-Spring-Boot-React/student/src/main/java/atelier/student/student/Repository/StudentRepository.java. Using presentation compiler with project's scala-library version: 3.3.3
Oct 07, 2024 3:59:34 PM scala.meta.internal.pc.CompilerAccess handleError
SEVERE: A severe compiler error occurred, full details of the error can be found in the error report /home/m2ipint/mohamed.mbengue.etu/Projet-Spring-Boot-React/.metals/.reports/metals-full/2024-10-07/r_compiler-error_15-59-34-694.md
2024.10.07 15:59:35 INFO  no build target found for /home/m2ipint/mohamed.mbengue.etu/Projet-Spring-Boot-React/student/src/main/java/atelier/student/student/Repository/StudentRepository.java. Using presentation compiler with project's scala-library version: 3.3.3
Oct 07, 2024 3:59:35 PM scala.meta.internal.pc.CompilerAccess handleError
SEVERE: A severe compiler error occurred, full details of the error can be found in the error report /home/m2ipint/mohamed.mbengue.etu/Projet-Spring-Boot-React/.metals/.reports/metals-full/2024-10-07/r_compiler-error_15-59-35-680.md
2024.10.07 15:59:38 INFO  no build target found for /home/m2ipint/mohamed.mbengue.etu/Projet-Spring-Boot-React/student/src/main/java/atelier/student/student/Repository/StudentRepository.java. Using presentation compiler with project's scala-library version: 3.3.3
Oct 07, 2024 3:59:38 PM scala.meta.internal.pc.CompilerAccess handleError
SEVERE: A severe compiler error occurred, full details of the error can be found in the error report /home/m2ipint/mohamed.mbengue.etu/Projet-Spring-Boot-React/.metals/.reports/metals-full/2024-10-07/r_compiler-error_15-59-38-629.md
Oct 07, 2024 4:01:33 PM org.eclipse.lsp4j.jsonrpc.RemoteEndpoint handleNotification
WARNING: Notification threw an exception: {
  "jsonrpc": "2.0",
  "method": "metals/didFocusTextDocument",
  "params": [
    "vscode-chat-code-block://69af1316-bc37-40a2-894f-7f07d679956b/response_0/0#%7B%22references%22%3A%5B%7B%22uri%22%3A%7B%22%24mid%22%3A1%2C%22fsPath%22%3A%22%2Fhome%2Fm2ipint%2Fmohamed.mbengue.etu%2FProjet-Spring-Boot-React%2Fstudent%2Fsrc%2Fmain%2Fjava%2Fatelier%2Fstudent%2Fstudent%2FRepository%2FStudentRepository.java%22%2C%22external%22%3A%22file%3A%2F%2F%2Fhome%2Fm2ipint%2Fmohamed.mbengue.etu%2FProjet-Spring-Boot-React%2Fstudent%2Fsrc%2Fmain%2Fjava%2Fatelier%2Fstudent%2Fstudent%2FRepository%2FStudentRepository.java%22%2C%22path%22%3A%22%2Fhome%2Fm2ipint%2Fmohamed.mbengue.etu%2FProjet-Spring-Boot-React%2Fstudent%2Fsrc%2Fmain%2Fjava%2Fatelier%2Fstudent%2Fstudent%2FRepository%2FStudentRepository.java%22%2C%22scheme%22%3A%22file%22%7D%2C%22range%22%3A%7B%22startLineNumber%22%3A1%2C%22startColumn%22%3A1%2C%22endLineNumber%22%3A10%2C%22endColumn%22%3A1%7D%7D%5D%7D"
  ]
}
java.nio.file.FileSystemNotFoundException: Provider "vscode-chat-code-block" not installed
	at java.base/java.nio.file.Path.of(Path.java:213)
	at java.base/java.nio.file.Paths.get(Paths.java:98)
	at scala.meta.internal.mtags.MtagsEnrichments$XtensionURIMtags.toAbsolutePath(MtagsEnrichments.scala:130)
	at scala.meta.internal.mtags.MtagsEnrichments$XtensionStringMtags.toAbsolutePath(MtagsEnrichments.scala:187)
	at scala.meta.internal.metals.MetalsEnrichments$XtensionString.toAbsolutePath(MetalsEnrichments.scala:773)
	at scala.meta.internal.metals.MetalsEnrichments$XtensionString.toAbsolutePath(MetalsEnrichments.scala:770)
	at scala.meta.internal.metals.WorkspaceLspService.didFocus(WorkspaceLspService.scala:698)
	at scala.meta.metals.lsp.DelegatingScalaService.didFocus(DelegatingScalaService.scala:43)
	at java.base/jdk.internal.reflect.DirectMethodHandleAccessor.invoke(DirectMethodHandleAccessor.java:103)
	at java.base/java.lang.reflect.Method.invoke(Method.java:580)
	at org.eclipse.lsp4j.jsonrpc.services.GenericEndpoint.lambda$recursiveFindRpcMethods$0(GenericEndpoint.java:65)
	at org.eclipse.lsp4j.jsonrpc.services.GenericEndpoint.notify(GenericEndpoint.java:160)
	at org.eclipse.lsp4j.jsonrpc.RemoteEndpoint.handleNotification(RemoteEndpoint.java:231)
	at org.eclipse.lsp4j.jsonrpc.RemoteEndpoint.consume(RemoteEndpoint.java:198)
	at org.eclipse.lsp4j.jsonrpc.json.StreamMessageProducer.handleMessage(StreamMessageProducer.java:185)
	at org.eclipse.lsp4j.jsonrpc.json.StreamMessageProducer.listen(StreamMessageProducer.java:97)
	at org.eclipse.lsp4j.jsonrpc.json.ConcurrentMessageProcessor.run(ConcurrentMessageProcessor.java:114)
	at java.base/java.util.concurrent.Executors$RunnableAdapter.call(Executors.java:572)
	at java.base/java.util.concurrent.FutureTask.run(FutureTask.java:317)
	at java.base/java.util.concurrent.ThreadPoolExecutor.runWorker(ThreadPoolExecutor.java:1144)
	at java.base/java.util.concurrent.ThreadPoolExecutor$Worker.run(ThreadPoolExecutor.java:642)
	at java.base/java.lang.Thread.run(Thread.java:1575)

2024.10.07 16:01:55 INFO  no build target found for /home/m2ipint/mohamed.mbengue.etu/Projet-Spring-Boot-React/student/src/main/java/atelier/student/student/config/DataInitializer.java. Using presentation compiler with project's scala-library version: 3.3.3
2024.10.07 16:01:55 WARN  no build target for: /home/m2ipint/mohamed.mbengue.etu/Projet-Spring-Boot-React/student/src/main/java/atelier/student/student/config/DataInitializer.java
2024.10.07 16:01:55 INFO  no build target found for /home/m2ipint/mohamed.mbengue.etu/Projet-Spring-Boot-React/student/src/main/java/atelier/student/student/config/DataInitializer.java. Using presentation compiler with project's scala-library version: 3.3.3
2024.10.07 16:01:55 WARN  Running javac-semanticdb failed for file:///home/m2ipint/mohamed.mbengue.etu/Projet-Spring-Boot-React/student/src/main/java/atelier/student/student/config/DataInitializer.java. Output:

Oct 07, 2024 4:01:55 PM scala.meta.internal.pc.CompilerAccess handleError
SEVERE: A severe compiler error occurred, full details of the error can be found in the error report /home/m2ipint/mohamed.mbengue.etu/Projet-Spring-Boot-React/.metals/.reports/metals-full/2024-10-07/r_compiler-error_16-01-55-465.md
2024.10.07 16:02:04 INFO  no build target found for /home/m2ipint/mohamed.mbengue.etu/Projet-Spring-Boot-React/student/src/main/java/atelier/student/student/config/DataInitializer.java. Using presentation compiler with project's scala-library version: 3.3.3
2024.10.07 16:02:04 INFO  no build target found for /home/m2ipint/mohamed.mbengue.etu/Projet-Spring-Boot-React/student/src/main/java/atelier/student/student/config/DataInitializer.java. Using presentation compiler with project's scala-library version: 3.3.3
Oct 07, 2024 4:02:04 PM scala.meta.internal.pc.CompilerAccess handleError
SEVERE: A severe compiler error occurred, full details of the error can be found in the error report /home/m2ipint/mohamed.mbengue.etu/Projet-Spring-Boot-React/.metals/.reports/metals-full/2024-10-07/r_compiler-error_16-02-04-637.md
2024.10.07 16:02:09 WARN  no build target for: /home/m2ipint/mohamed.mbengue.etu/Projet-Spring-Boot-React/student/src/main/java/atelier/student/student/config/DataInitializer.java
2024.10.07 16:02:09 INFO  no build target found for /home/m2ipint/mohamed.mbengue.etu/Projet-Spring-Boot-React/student/src/main/java/atelier/student/student/config/DataInitializer.java. Using presentation compiler with project's scala-library version: 3.3.3
Oct 07, 2024 4:02:09 PM scala.meta.internal.pc.CompilerAccess handleError
SEVERE: A severe compiler error occurred, full details of the error can be found in the error report /home/m2ipint/mohamed.mbengue.etu/Projet-Spring-Boot-React/.metals/.reports/metals-full/2024-10-07/r_compiler-error_16-02-09-205.md
2024.10.07 16:02:12 INFO  no build target found for /home/m2ipint/mohamed.mbengue.etu/Projet-Spring-Boot-React/student/src/main/java/atelier/student/student/config/DataInitializer.java. Using presentation compiler with project's scala-library version: 3.3.3
Oct 07, 2024 4:02:12 PM scala.meta.internal.pc.CompilerAccess handleError
SEVERE: A severe compiler error occurred, full details of the error can be found in the error report /home/m2ipint/mohamed.mbengue.etu/Projet-Spring-Boot-React/.metals/.reports/metals-full/2024-10-07/r_compiler-error_16-02-12-252.md
2024.10.07 16:02:14 INFO  no build target found for /home/m2ipint/mohamed.mbengue.etu/Projet-Spring-Boot-React/student/src/main/java/atelier/student/student/config/DataInitializer.java. Using presentation compiler with project's scala-library version: 3.3.3
Oct 07, 2024 4:02:15 PM scala.meta.internal.pc.CompilerAccess handleError
SEVERE: A severe compiler error occurred, full details of the error can be found in the error report /home/m2ipint/mohamed.mbengue.etu/Projet-Spring-Boot-React/.metals/.reports/metals-full/2024-10-07/r_compiler-error_16-02-15-012.md
2024.10.07 16:02:19 INFO  no build target found for /home/m2ipint/mohamed.mbengue.etu/Projet-Spring-Boot-React/student/src/main/java/atelier/student/student/config/DataInitializer.java. Using presentation compiler with project's scala-library version: 3.3.3
2024.10.07 16:02:19 INFO  no build target found for /home/m2ipint/mohamed.mbengue.etu/Projet-Spring-Boot-React/student/src/main/java/atelier/student/student/config/DataInitializer.java. Using presentation compiler with project's scala-library version: 3.3.3
Oct 07, 2024 4:02:19 PM scala.meta.internal.pc.CompilerAccess handleError
SEVERE: A severe compiler error occurred, full details of the error can be found in the error report /home/m2ipint/mohamed.mbengue.etu/Projet-Spring-Boot-React/.metals/.reports/metals-full/2024-10-07/r_compiler-error_16-02-19-596.md
2024.10.07 16:02:20 INFO  no build target found for /home/m2ipint/mohamed.mbengue.etu/Projet-Spring-Boot-React/student/src/main/java/atelier/student/student/config/DataInitializer.java. Using presentation compiler with project's scala-library version: 3.3.3
Oct 07, 2024 4:02:20 PM scala.meta.internal.pc.CompilerAccess handleError
SEVERE: A severe compiler error occurred, full details of the error can be found in the error report /home/m2ipint/mohamed.mbengue.etu/Projet-Spring-Boot-React/.metals/.reports/metals-full/2024-10-07/r_compiler-error_16-02-20-339.md
2024.10.07 16:02:20 INFO  no build target found for /home/m2ipint/mohamed.mbengue.etu/Projet-Spring-Boot-React/student/src/main/java/atelier/student/student/config/DataInitializer.java. Using presentation compiler with project's scala-library version: 3.3.3
Oct 07, 2024 4:02:20 PM scala.meta.internal.pc.CompilerAccess handleError
SEVERE: A severe compiler error occurred, full details of the error can be found in the error report /home/m2ipint/mohamed.mbengue.etu/Projet-Spring-Boot-React/.metals/.reports/metals-full/2024-10-07/r_compiler-error_16-02-20-958.md
2024.10.07 16:02:23 INFO  no build target found for /home/m2ipint/mohamed.mbengue.etu/Projet-Spring-Boot-React/student/src/main/java/atelier/student/student/config/DataInitializer.java. Using presentation compiler with project's scala-library version: 3.3.3
2024.10.07 16:02:24 INFO  no build target found for /home/m2ipint/mohamed.mbengue.etu/Projet-Spring-Boot-React/student/src/main/java/atelier/student/student/config/DataInitializer.java. Using presentation compiler with project's scala-library version: 3.3.3
Oct 07, 2024 4:02:24 PM scala.meta.internal.pc.CompilerAccess handleError
SEVERE: A severe compiler error occurred, full details of the error can be found in the error report /home/m2ipint/mohamed.mbengue.etu/Projet-Spring-Boot-React/.metals/.reports/metals-full/2024-10-07/r_compiler-error_16-02-24-297.md
2024.10.07 16:02:26 INFO  no build target found for /home/m2ipint/mohamed.mbengue.etu/Projet-Spring-Boot-React/student/src/main/java/atelier/student/student/config/DataInitializer.java. Using presentation compiler with project's scala-library version: 3.3.3
Oct 07, 2024 4:02:26 PM scala.meta.internal.pc.CompilerAccess handleError
SEVERE: A severe compiler error occurred, full details of the error can be found in the error report /home/m2ipint/mohamed.mbengue.etu/Projet-Spring-Boot-React/.metals/.reports/metals-full/2024-10-07/r_compiler-error_16-02-26-293.md
2024.10.07 16:02:40 INFO  no build target found for /home/m2ipint/mohamed.mbengue.etu/Projet-Spring-Boot-React/student/src/main/java/atelier/student/student/config/DataInitializer.java. Using presentation compiler with project's scala-library version: 3.3.3
Oct 07, 2024 4:02:40 PM scala.meta.internal.pc.CompilerAccess handleError
SEVERE: A severe compiler error occurred, full details of the error can be found in the error report /home/m2ipint/mohamed.mbengue.etu/Projet-Spring-Boot-React/.metals/.reports/metals-full/2024-10-07/r_compiler-error_16-02-40-531.md
2024.10.07 16:02:43 INFO  no build target found for /home/m2ipint/mohamed.mbengue.etu/Projet-Spring-Boot-React/student/src/main/java/atelier/student/student/config/DataInitializer.java. Using presentation compiler with project's scala-library version: 3.3.3
Oct 07, 2024 4:02:43 PM scala.meta.internal.pc.CompilerAccess handleError
SEVERE: A severe compiler error occurred, full details of the error can be found in the error report /home/m2ipint/mohamed.mbengue.etu/Projet-Spring-Boot-React/.metals/.reports/metals-full/2024-10-07/r_compiler-error_16-02-43-722.md
2024.10.07 16:03:18 INFO  no build target found for /home/m2ipint/mohamed.mbengue.etu/Projet-Spring-Boot-React/student/src/main/java/atelier/student/student/Repository/StudentRepository.java. Using presentation compiler with project's scala-library version: 3.3.3
2024.10.07 16:03:18 INFO  no build target found for /home/m2ipint/mohamed.mbengue.etu/Projet-Spring-Boot-React/student/src/main/java/atelier/student/student/Repository/StageRepository.java. Using presentation compiler with project's scala-library version: 3.3.3
Oct 07, 2024 4:03:18 PM scala.meta.internal.pc.CompilerAccess handleError
SEVERE: A severe compiler error occurred, full details of the error can be found in the error report /home/m2ipint/mohamed.mbengue.etu/Projet-Spring-Boot-React/.metals/.reports/metals-full/2024-10-07/r_compiler-error_16-03-18-795.md
2024.10.07 16:03:22 INFO  no build target found for /home/m2ipint/mohamed.mbengue.etu/Projet-Spring-Boot-React/student/src/main/java/atelier/student/student/Controller/StudentController.java. Using presentation compiler with project's scala-library version: 3.3.3
Oct 07, 2024 4:03:22 PM scala.meta.internal.pc.CompilerAccess handleError
SEVERE: A severe compiler error occurred, full details of the error can be found in the error report /home/m2ipint/mohamed.mbengue.etu/Projet-Spring-Boot-React/.metals/.reports/metals-full/2024-10-07/r_compiler-error_16-03-22-249.md
2024.10.07 16:03:27 INFO  no build target found for /home/m2ipint/mohamed.mbengue.etu/Projet-Spring-Boot-React/student/src/main/java/atelier/student/student/Controller/StudentController.java. Using presentation compiler with project's scala-library version: 3.3.3
2024.10.07 16:03:27 INFO  no build target found for /home/m2ipint/mohamed.mbengue.etu/Projet-Spring-Boot-React/student/src/main/java/atelier/student/student/Controller/StudentController.java. Using presentation compiler with project's scala-library version: 3.3.3
Oct 07, 2024 4:03:27 PM scala.meta.internal.pc.CompilerAccess handleError
SEVERE: A severe compiler error occurred, full details of the error can be found in the error report /home/m2ipint/mohamed.mbengue.etu/Projet-Spring-Boot-React/.metals/.reports/metals-full/2024-10-07/r_compiler-error_16-03-27-636.md
2024.10.07 16:03:27 INFO  no build target found for /home/m2ipint/mohamed.mbengue.etu/Projet-Spring-Boot-React/student/src/main/java/atelier/student/student/Controller/StudentController.java. Using presentation compiler with project's scala-library version: 3.3.3
2024.10.07 16:03:28 INFO  no build target found for /home/m2ipint/mohamed.mbengue.etu/Projet-Spring-Boot-React/student/src/main/java/atelier/student/student/Controller/StudentController.java. Using presentation compiler with project's scala-library version: 3.3.3
Oct 07, 2024 4:03:28 PM scala.meta.internal.pc.CompilerAccess handleError
SEVERE: A severe compiler error occurred, full details of the error can be found in the error report /home/m2ipint/mohamed.mbengue.etu/Projet-Spring-Boot-React/.metals/.reports/metals-full/2024-10-07/r_compiler-error_16-03-28-264.md
2024.10.07 16:03:28 INFO  no build target found for /home/m2ipint/mohamed.mbengue.etu/Projet-Spring-Boot-React/student/src/main/java/atelier/student/student/Controller/StudentController.java. Using presentation compiler with project's scala-library version: 3.3.3
2024.10.07 16:03:28 INFO  no build target found for /home/m2ipint/mohamed.mbengue.etu/Projet-Spring-Boot-React/student/src/main/java/atelier/student/student/Controller/StudentController.java. Using presentation compiler with project's scala-library version: 3.3.3
Oct 07, 2024 4:03:28 PM scala.meta.internal.pc.CompilerAccess handleError
SEVERE: A severe compiler error occurred, full details of the error can be found in the error report /home/m2ipint/mohamed.mbengue.etu/Projet-Spring-Boot-React/.metals/.reports/metals-full/2024-10-07/r_compiler-error_16-03-28-700.md
2024.10.07 16:03:36 WARN  no build target for: /home/m2ipint/mohamed.mbengue.etu/Projet-Spring-Boot-React/student/src/main/java/atelier/student/student/Controller/StudentController.java
2024.10.07 16:03:36 INFO  no build target found for /home/m2ipint/mohamed.mbengue.etu/Projet-Spring-Boot-React/student/src/main/java/atelier/student/student/Controller/StudentController.java. Using presentation compiler with project's scala-library version: 3.3.3
Oct 07, 2024 4:03:36 PM scala.meta.internal.pc.CompilerAccess handleError
SEVERE: A severe compiler error occurred, full details of the error can be found in the error report /home/m2ipint/mohamed.mbengue.etu/Projet-Spring-Boot-React/.metals/.reports/metals-full/2024-10-07/r_compiler-error_16-03-36-542.md
2024.10.07 16:03:38 INFO  no build target found for /home/m2ipint/mohamed.mbengue.etu/Projet-Spring-Boot-React/student/src/main/java/atelier/student/student/Controller/StageControler.java. Using presentation compiler with project's scala-library version: 3.3.3
Oct 07, 2024 4:03:38 PM scala.meta.internal.pc.CompilerAccess handleError
SEVERE: A severe compiler error occurred, full details of the error can be found in the error report /home/m2ipint/mohamed.mbengue.etu/Projet-Spring-Boot-React/.metals/.reports/metals-full/2024-10-07/r_compiler-error_16-03-38-255.md
2024.10.07 16:03:41 INFO  no build target found for /home/m2ipint/mohamed.mbengue.etu/Projet-Spring-Boot-React/student/src/main/java/atelier/student/student/Controller/StageControler.java. Using presentation compiler with project's scala-library version: 3.3.3
2024.10.07 16:03:41 INFO  no build target found for /home/m2ipint/mohamed.mbengue.etu/Projet-Spring-Boot-React/student/src/main/java/atelier/student/student/Controller/StageControler.java. Using presentation compiler with project's scala-library version: 3.3.3
2024.10.07 16:03:41 INFO  no build target found for /home/m2ipint/mohamed.mbengue.etu/Projet-Spring-Boot-React/student/src/main/java/atelier/student/student/Controller/StageControler.java. Using presentation compiler with project's scala-library version: 3.3.3
Oct 07, 2024 4:03:41 PM scala.meta.internal.pc.CompilerAccess handleError
SEVERE: A severe compiler error occurred, full details of the error can be found in the error report /home/m2ipint/mohamed.mbengue.etu/Projet-Spring-Boot-React/.metals/.reports/metals-full/2024-10-07/r_compiler-error_16-03-41-937.md
2024.10.07 16:03:41 INFO  no build target found for /home/m2ipint/mohamed.mbengue.etu/Projet-Spring-Boot-React/student/src/main/java/atelier/student/student/Controller/StageControler.java. Using presentation compiler with project's scala-library version: 3.3.3
2024.10.07 16:03:42 INFO  no build target found for /home/m2ipint/mohamed.mbengue.etu/Projet-Spring-Boot-React/student/src/main/java/atelier/student/student/Controller/StageControler.java. Using presentation compiler with project's scala-library version: 3.3.3
Oct 07, 2024 4:03:42 PM scala.meta.internal.pc.CompilerAccess handleError
SEVERE: A severe compiler error occurred, full details of the error can be found in the error report /home/m2ipint/mohamed.mbengue.etu/Projet-Spring-Boot-React/.metals/.reports/metals-full/2024-10-07/r_compiler-error_16-03-42-566.md
2024.10.07 16:03:42 WARN  no build target for: /home/m2ipint/mohamed.mbengue.etu/Projet-Spring-Boot-React/student/src/main/java/atelier/student/student/Controller/StageControler.java
2024.10.07 16:03:43 INFO  no build target found for /home/m2ipint/mohamed.mbengue.etu/Projet-Spring-Boot-React/student/src/main/java/atelier/student/student/Controller/StageControler.java. Using presentation compiler with project's scala-library version: 3.3.3
Oct 07, 2024 4:03:43 PM scala.meta.internal.pc.CompilerAccess handleError
SEVERE: A severe compiler error occurred, full details of the error can be found in the error report /home/m2ipint/mohamed.mbengue.etu/Projet-Spring-Boot-React/.metals/.reports/metals-full/2024-10-07/r_compiler-error_16-03-43-550.md
2024.10.07 16:03:45 INFO  no build target found for /home/m2ipint/mohamed.mbengue.etu/Projet-Spring-Boot-React/student/src/main/java/atelier/student/student/Controller/StudentController.java. Using presentation compiler with project's scala-library version: 3.3.3
Oct 07, 2024 4:03:45 PM scala.meta.internal.pc.CompilerAccess handleError
SEVERE: A severe compiler error occurred, full details of the error can be found in the error report /home/m2ipint/mohamed.mbengue.etu/Projet-Spring-Boot-React/.metals/.reports/metals-full/2024-10-07/r_compiler-error_16-03-45-426.md
2024.10.07 16:03:46 INFO  no build target found for /home/m2ipint/mohamed.mbengue.etu/Projet-Spring-Boot-React/student/src/main/java/atelier/student/student/config/DataInitializer.java. Using presentation compiler with project's scala-library version: 3.3.3
Oct 07, 2024 4:03:46 PM scala.meta.internal.pc.CompilerAccess handleError
SEVERE: A severe compiler error occurred, full details of the error can be found in the error report /home/m2ipint/mohamed.mbengue.etu/Projet-Spring-Boot-React/.metals/.reports/metals-full/2024-10-07/r_compiler-error_16-03-46-297.md
2024.10.07 16:03:47 INFO  no build target found for /home/m2ipint/mohamed.mbengue.etu/Projet-Spring-Boot-React/student/src/main/java/atelier/student/student/Controller/StudentController.java. Using presentation compiler with project's scala-library version: 3.3.3
Oct 07, 2024 4:03:47 PM scala.meta.internal.pc.CompilerAccess handleError
SEVERE: A severe compiler error occurred, full details of the error can be found in the error report /home/m2ipint/mohamed.mbengue.etu/Projet-Spring-Boot-React/.metals/.reports/metals-full/2024-10-07/r_compiler-error_16-03-47-552.md
2024.10.07 16:03:47 INFO  no build target found for /home/m2ipint/mohamed.mbengue.etu/Projet-Spring-Boot-React/student/src/main/java/atelier/student/student/config/DataInitializer.java. Using presentation compiler with project's scala-library version: 3.3.3
Oct 07, 2024 4:03:48 PM scala.meta.internal.pc.CompilerAccess handleError
SEVERE: A severe compiler error occurred, full details of the error can be found in the error report /home/m2ipint/mohamed.mbengue.etu/Projet-Spring-Boot-React/.metals/.reports/metals-full/2024-10-07/r_compiler-error_16-03-48-451.md
2024.10.07 16:03:49 INFO  no build target found for /home/m2ipint/mohamed.mbengue.etu/Projet-Spring-Boot-React/student/src/main/java/atelier/student/student/config/DataInitializer.java. Using presentation compiler with project's scala-library version: 3.3.3
Oct 07, 2024 4:03:49 PM scala.meta.internal.pc.CompilerAccess handleError
SEVERE: A severe compiler error occurred, full details of the error can be found in the error report /home/m2ipint/mohamed.mbengue.etu/Projet-Spring-Boot-React/.metals/.reports/metals-full/2024-10-07/r_compiler-error_16-03-49-389.md
2024.10.07 16:03:49 INFO  no build target found for /home/m2ipint/mohamed.mbengue.etu/Projet-Spring-Boot-React/student/src/main/java/atelier/student/student/config/DataInitializer.java. Using presentation compiler with project's scala-library version: 3.3.3
Oct 07, 2024 4:03:50 PM scala.meta.internal.pc.CompilerAccess handleError
SEVERE: A severe compiler error occurred, full details of the error can be found in the error report /home/m2ipint/mohamed.mbengue.etu/Projet-Spring-Boot-React/.metals/.reports/metals-full/2024-10-07/r_compiler-error_16-03-50-219.md
2024.10.07 16:03:52 INFO  no build target found for /home/m2ipint/mohamed.mbengue.etu/Projet-Spring-Boot-React/student/src/main/java/atelier/student/student/config/DataInitializer.java. Using presentation compiler with project's scala-library version: 3.3.3
2024.10.07 16:03:52 INFO  no build target found for /home/m2ipint/mohamed.mbengue.etu/Projet-Spring-Boot-React/student/src/main/java/atelier/student/student/config/DataInitializer.java. Using presentation compiler with project's scala-library version: 3.3.3
2024.10.07 16:03:52 INFO  no build target found for /home/m2ipint/mohamed.mbengue.etu/Projet-Spring-Boot-React/student/src/main/java/atelier/student/student/config/DataInitializer.java. Using presentation compiler with project's scala-library version: 3.3.3
2024.10.07 16:03:52 INFO  no build target found for /home/m2ipint/mohamed.mbengue.etu/Projet-Spring-Boot-React/student/src/main/java/atelier/student/student/config/DataInitializer.java. Using presentation compiler with project's scala-library version: 3.3.3
Oct 07, 2024 4:03:52 PM scala.meta.internal.pc.CompilerAccess handleError
SEVERE: A severe compiler error occurred, full details of the error can be found in the error report /home/m2ipint/mohamed.mbengue.etu/Projet-Spring-Boot-React/.metals/.reports/metals-full/2024-10-07/r_compiler-error_16-03-52-822.md
2024.10.07 16:03:53 INFO  no build target found for /home/m2ipint/mohamed.mbengue.etu/Projet-Spring-Boot-React/student/src/main/java/atelier/student/student/config/DataInitializer.java. Using presentation compiler with project's scala-library version: 3.3.3
Oct 07, 2024 4:03:53 PM scala.meta.internal.pc.CompilerAccess handleError
SEVERE: A severe compiler error occurred, full details of the error can be found in the error report /home/m2ipint/mohamed.mbengue.etu/Projet-Spring-Boot-React/.metals/.reports/metals-full/2024-10-07/r_compiler-error_16-03-53-138.md
2024.10.07 16:03:56 INFO  no build target found for /home/m2ipint/mohamed.mbengue.etu/Projet-Spring-Boot-React/student/src/main/java/atelier/student/student/config/DataInitializer.java. Using presentation compiler with project's scala-library version: 3.3.3
2024.10.07 16:03:56 INFO  no build target found for /home/m2ipint/mohamed.mbengue.etu/Projet-Spring-Boot-React/student/src/main/java/atelier/student/student/config/DataInitializer.java. Using presentation compiler with project's scala-library version: 3.3.3
2024.10.07 16:03:56 INFO  no build target found for /home/m2ipint/mohamed.mbengue.etu/Projet-Spring-Boot-React/student/src/main/java/atelier/student/student/config/DataInitializer.java. Using presentation compiler with project's scala-library version: 3.3.3
Oct 07, 2024 4:03:56 PM scala.meta.internal.pc.CompilerAccess handleError
SEVERE: A severe compiler error occurred, full details of the error can be found in the error report /home/m2ipint/mohamed.mbengue.etu/Projet-Spring-Boot-React/.metals/.reports/metals-full/2024-10-07/r_compiler-error_16-03-56-537.md
2024.10.07 16:03:59 INFO  no build target found for /home/m2ipint/mohamed.mbengue.etu/Projet-Spring-Boot-React/student/src/main/java/atelier/student/student/config/DataInitializer.java. Using presentation compiler with project's scala-library version: 3.3.3
2024.10.07 16:03:59 INFO  no build target found for /home/m2ipint/mohamed.mbengue.etu/Projet-Spring-Boot-React/student/src/main/java/atelier/student/student/config/DataInitializer.java. Using presentation compiler with project's scala-library version: 3.3.3
Oct 07, 2024 4:03:59 PM scala.meta.internal.pc.CompilerAccess handleError
SEVERE: A severe compiler error occurred, full details of the error can be found in the error report /home/m2ipint/mohamed.mbengue.etu/Projet-Spring-Boot-React/.metals/.reports/metals-full/2024-10-07/r_compiler-error_16-03-59-508.md
2024.10.07 16:03:59 INFO  no build target found for /home/m2ipint/mohamed.mbengue.etu/Projet-Spring-Boot-React/student/src/main/java/atelier/student/student/config/DataInitializer.java. Using presentation compiler with project's scala-library version: 3.3.3
2024.10.07 16:04:00 INFO  no build target found for /home/m2ipint/mohamed.mbengue.etu/Projet-Spring-Boot-React/student/src/main/java/atelier/student/student/config/DataInitializer.java. Using presentation compiler with project's scala-library version: 3.3.3
Oct 07, 2024 4:04:00 PM scala.meta.internal.pc.CompilerAccess handleError
SEVERE: A severe compiler error occurred, full details of the error can be found in the error report /home/m2ipint/mohamed.mbengue.etu/Projet-Spring-Boot-React/.metals/.reports/metals-full/2024-10-07/r_compiler-error_16-04-00-180.md
2024.10.07 16:04:04 INFO  no build target found for /home/m2ipint/mohamed.mbengue.etu/Projet-Spring-Boot-React/student/src/main/java/atelier/student/student/config/DataInitializer.java. Using presentation compiler with project's scala-library version: 3.3.3
Oct 07, 2024 4:04:04 PM org.eclipse.lsp4j.jsonrpc.RemoteEndpoint handleCancellation
WARNING: Unmatched cancel notification for request id 226
2024.10.07 16:04:04 INFO  no build target found for /home/m2ipint/mohamed.mbengue.etu/Projet-Spring-Boot-React/student/src/main/java/atelier/student/student/config/DataInitializer.java. Using presentation compiler with project's scala-library version: 3.3.3
2024.10.07 16:04:04 INFO  no build target found for /home/m2ipint/mohamed.mbengue.etu/Projet-Spring-Boot-React/student/src/main/java/atelier/student/student/config/DataInitializer.java. Using presentation compiler with project's scala-library version: 3.3.3
Oct 07, 2024 4:04:04 PM scala.meta.internal.pc.CompilerAccess handleError
SEVERE: A severe compiler error occurred, full details of the error can be found in the error report /home/m2ipint/mohamed.mbengue.etu/Projet-Spring-Boot-React/.metals/.reports/metals-full/2024-10-07/r_compiler-error_16-04-04-472.md
2024.10.07 16:04:04 INFO  no build target found for /home/m2ipint/mohamed.mbengue.etu/Projet-Spring-Boot-React/student/src/main/java/atelier/student/student/config/DataInitializer.java. Using presentation compiler with project's scala-library version: 3.3.3
2024.10.07 16:04:04 INFO  no build target found for /home/m2ipint/mohamed.mbengue.etu/Projet-Spring-Boot-React/student/src/main/java/atelier/student/student/config/DataInitializer.java. Using presentation compiler with project's scala-library version: 3.3.3
Oct 07, 2024 4:04:05 PM scala.meta.internal.pc.CompilerAccess handleError
SEVERE: A severe compiler error occurred, full details of the error can be found in the error report /home/m2ipint/mohamed.mbengue.etu/Projet-Spring-Boot-React/.metals/.reports/metals-full/2024-10-07/r_compiler-error_16-04-05-029.md
2024.10.07 16:04:05 INFO  no build target found for /home/m2ipint/mohamed.mbengue.etu/Projet-Spring-Boot-React/student/src/main/java/atelier/student/student/config/DataInitializer.java. Using presentation compiler with project's scala-library version: 3.3.3
2024.10.07 16:04:05 INFO  no build target found for /home/m2ipint/mohamed.mbengue.etu/Projet-Spring-Boot-React/student/src/main/java/atelier/student/student/config/DataInitializer.java. Using presentation compiler with project's scala-library version: 3.3.3
2024.10.07 16:04:05 INFO  no build target found for /home/m2ipint/mohamed.mbengue.etu/Projet-Spring-Boot-React/student/src/main/java/atelier/student/student/config/DataInitializer.java. Using presentation compiler with project's scala-library version: 3.3.3
Oct 07, 2024 4:04:05 PM scala.meta.internal.pc.CompilerAccess handleError
SEVERE: A severe compiler error occurred, full details of the error can be found in the error report /home/m2ipint/mohamed.mbengue.etu/Projet-Spring-Boot-React/.metals/.reports/metals-full/2024-10-07/r_compiler-error_16-04-05-711.md
2024.10.07 16:04:05 INFO  no build target found for /home/m2ipint/mohamed.mbengue.etu/Projet-Spring-Boot-React/student/src/main/java/atelier/student/student/config/DataInitializer.java. Using presentation compiler with project's scala-library version: 3.3.3
2024.10.07 16:04:05 INFO  no build target found for /home/m2ipint/mohamed.mbengue.etu/Projet-Spring-Boot-React/student/src/main/java/atelier/student/student/config/DataInitializer.java. Using presentation compiler with project's scala-library version: 3.3.3
2024.10.07 16:04:05 INFO  no build target found for /home/m2ipint/mohamed.mbengue.etu/Projet-Spring-Boot-React/student/src/main/java/atelier/student/student/config/DataInitializer.java. Using presentation compiler with project's scala-library version: 3.3.3
2024.10.07 16:04:06 INFO  no build target found for /home/m2ipint/mohamed.mbengue.etu/Projet-Spring-Boot-React/student/src/main/java/atelier/student/student/config/DataInitializer.java. Using presentation compiler with project's scala-library version: 3.3.3
Oct 07, 2024 4:04:06 PM scala.meta.internal.pc.CompilerAccess handleError
SEVERE: A severe compiler error occurred, full details of the error can be found in the error report /home/m2ipint/mohamed.mbengue.etu/Projet-Spring-Boot-React/.metals/.reports/metals-full/2024-10-07/r_compiler-error_16-04-06-459.md
2024.10.07 16:04:09 INFO  no build target found for /home/m2ipint/mohamed.mbengue.etu/Projet-Spring-Boot-React/student/src/main/java/atelier/student/student/config/DataInitializer.java. Using presentation compiler with project's scala-library version: 3.3.3
2024.10.07 16:04:09 INFO  no build target found for /home/m2ipint/mohamed.mbengue.etu/Projet-Spring-Boot-React/student/src/main/java/atelier/student/student/config/DataInitializer.java. Using presentation compiler with project's scala-library version: 3.3.3
Oct 07, 2024 4:04:09 PM scala.meta.internal.pc.CompilerAccess handleError
SEVERE: A severe compiler error occurred, full details of the error can be found in the error report /home/m2ipint/mohamed.mbengue.etu/Projet-Spring-Boot-React/.metals/.reports/metals-full/2024-10-07/r_compiler-error_16-04-09-819.md
2024.10.07 16:04:09 INFO  no build target found for /home/m2ipint/mohamed.mbengue.etu/Projet-Spring-Boot-React/student/src/main/java/atelier/student/student/config/DataInitializer.java. Using presentation compiler with project's scala-library version: 3.3.3
2024.10.07 16:04:09 INFO  no build target found for /home/m2ipint/mohamed.mbengue.etu/Projet-Spring-Boot-React/student/src/main/java/atelier/student/student/config/DataInitializer.java. Using presentation compiler with project's scala-library version: 3.3.3
2024.10.07 16:04:10 INFO  no build target found for /home/m2ipint/mohamed.mbengue.etu/Projet-Spring-Boot-React/student/src/main/java/atelier/student/student/config/DataInitializer.java. Using presentation compiler with project's scala-library version: 3.3.3
Oct 07, 2024 4:04:10 PM scala.meta.internal.pc.CompilerAccess handleError
SEVERE: A severe compiler error occurred, full details of the error can be found in the error report /home/m2ipint/mohamed.mbengue.etu/Projet-Spring-Boot-React/.metals/.reports/metals-full/2024-10-07/r_compiler-error_16-04-10-197.md
2024.10.07 16:04:09 INFO  no build target found for /home/m2ipint/mohamed.mbengue.etu/Projet-Spring-Boot-React/student/src/main/java/atelier/student/student/config/DataInitializer.java. Using presentation compiler with project's scala-library version: 3.3.3
2024.10.07 16:04:10 INFO  no build target found for /home/m2ipint/mohamed.mbengue.etu/Projet-Spring-Boot-React/student/src/main/java/atelier/student/student/config/DataInitializer.java. Using presentation compiler with project's scala-library version: 3.3.3
2024.10.07 16:04:10 INFO  no build target found for /home/m2ipint/mohamed.mbengue.etu/Projet-Spring-Boot-React/student/src/main/java/atelier/student/student/config/DataInitializer.java. Using presentation compiler with project's scala-library version: 3.3.3
Oct 07, 2024 4:04:10 PM scala.meta.internal.pc.CompilerAccess handleError
SEVERE: A severe compiler error occurred, full details of the error can be found in the error report /home/m2ipint/mohamed.mbengue.etu/Projet-Spring-Boot-React/.metals/.reports/metals-full/2024-10-07/r_compiler-error_16-04-10-741.md
2024.10.07 16:04:13 INFO  no build target found for /home/m2ipint/mohamed.mbengue.etu/Projet-Spring-Boot-React/student/src/main/java/atelier/student/student/config/DataInitializer.java. Using presentation compiler with project's scala-library version: 3.3.3
Oct 07, 2024 4:04:13 PM scala.meta.internal.pc.CompilerAccess handleError
SEVERE: A severe compiler error occurred, full details of the error can be found in the error report /home/m2ipint/mohamed.mbengue.etu/Projet-Spring-Boot-React/.metals/.reports/metals-full/2024-10-07/r_compiler-error_16-04-13-383.md
2024.10.07 16:04:13 INFO  no build target found for /home/m2ipint/mohamed.mbengue.etu/Projet-Spring-Boot-React/student/src/main/java/atelier/student/student/config/DataInitializer.java. Using presentation compiler with project's scala-library version: 3.3.3
Oct 07, 2024 4:04:14 PM scala.meta.internal.pc.CompilerAccess handleError
SEVERE: A severe compiler error occurred, full details of the error can be found in the error report /home/m2ipint/mohamed.mbengue.etu/Projet-Spring-Boot-React/.metals/.reports/metals-full/2024-10-07/r_compiler-error_16-04-14-294.md
2024.10.07 16:04:15 INFO  no build target found for /home/m2ipint/mohamed.mbengue.etu/Projet-Spring-Boot-React/student/src/main/java/atelier/student/student/config/DataInitializer.java. Using presentation compiler with project's scala-library version: 3.3.3
2024.10.07 16:04:15 INFO  no build target found for /home/m2ipint/mohamed.mbengue.etu/Projet-Spring-Boot-React/student/src/main/java/atelier/student/student/config/DataInitializer.java. Using presentation compiler with project's scala-library version: 3.3.3
2024.10.07 16:04:15 INFO  no build target found for /home/m2ipint/mohamed.mbengue.etu/Projet-Spring-Boot-React/student/src/main/java/atelier/student/student/config/DataInitializer.java. Using presentation compiler with project's scala-library version: 3.3.3
Oct 07, 2024 4:04:15 PM scala.meta.internal.pc.CompilerAccess handleError
SEVERE: A severe compiler error occurred, full details of the error can be found in the error report /home/m2ipint/mohamed.mbengue.etu/Projet-Spring-Boot-React/.metals/.reports/metals-full/2024-10-07/r_compiler-error_16-04-15-856.md
2024.10.07 16:04:15 INFO  no build target found for /home/m2ipint/mohamed.mbengue.etu/Projet-Spring-Boot-React/student/src/main/java/atelier/student/student/config/DataInitializer.java. Using presentation compiler with project's scala-library version: 3.3.3
2024.10.07 16:04:16 INFO  no build target found for /home/m2ipint/mohamed.mbengue.etu/Projet-Spring-Boot-React/student/src/main/java/atelier/student/student/config/DataInitializer.java. Using presentation compiler with project's scala-library version: 3.3.3
Oct 07, 2024 4:04:16 PM scala.meta.internal.pc.CompilerAccess handleError
SEVERE: A severe compiler error occurred, full details of the error can be found in the error report /home/m2ipint/mohamed.mbengue.etu/Projet-Spring-Boot-React/.metals/.reports/metals-full/2024-10-07/r_compiler-error_16-04-16-220.md
2024.10.07 16:04:15 INFO  no build target found for /home/m2ipint/mohamed.mbengue.etu/Projet-Spring-Boot-React/student/src/main/java/atelier/student/student/config/DataInitializer.java. Using presentation compiler with project's scala-library version: 3.3.3
2024.10.07 16:04:16 INFO  no build target found for /home/m2ipint/mohamed.mbengue.etu/Projet-Spring-Boot-React/student/src/main/java/atelier/student/student/config/DataInitializer.java. Using presentation compiler with project's scala-library version: 3.3.3
Oct 07, 2024 4:04:16 PM scala.meta.internal.pc.CompilerAccess handleError
SEVERE: A severe compiler error occurred, full details of the error can be found in the error report /home/m2ipint/mohamed.mbengue.etu/Projet-Spring-Boot-React/.metals/.reports/metals-full/2024-10-07/r_compiler-error_16-04-16-690.md
2024.10.07 16:04:19 INFO  no build target found for /home/m2ipint/mohamed.mbengue.etu/Projet-Spring-Boot-React/student/src/main/java/atelier/student/student/config/DataInitializer.java. Using presentation compiler with project's scala-library version: 3.3.3
2024.10.07 16:04:19 INFO  no build target found for /home/m2ipint/mohamed.mbengue.etu/Projet-Spring-Boot-React/student/src/main/java/atelier/student/student/config/DataInitializer.java. Using presentation compiler with project's scala-library version: 3.3.3
2024.10.07 16:04:19 INFO  no build target found for /home/m2ipint/mohamed.mbengue.etu/Projet-Spring-Boot-React/student/src/main/java/atelier/student/student/config/DataInitializer.java. Using presentation compiler with project's scala-library version: 3.3.3
Oct 07, 2024 4:04:19 PM scala.meta.internal.pc.CompilerAccess handleError
SEVERE: A severe compiler error occurred, full details of the error can be found in the error report /home/m2ipint/mohamed.mbengue.etu/Projet-Spring-Boot-React/.metals/.reports/metals-full/2024-10-07/r_compiler-error_16-04-19-341.md
2024.10.07 16:04:19 INFO  no build target found for /home/m2ipint/mohamed.mbengue.etu/Projet-Spring-Boot-React/student/src/main/java/atelier/student/student/config/DataInitializer.java. Using presentation compiler with project's scala-library version: 3.3.3
2024.10.07 16:04:19 INFO  no build target found for /home/m2ipint/mohamed.mbengue.etu/Projet-Spring-Boot-React/student/src/main/java/atelier/student/student/config/DataInitializer.java. Using presentation compiler with project's scala-library version: 3.3.3
2024.10.07 16:04:19 INFO  no build target found for /home/m2ipint/mohamed.mbengue.etu/Projet-Spring-Boot-React/student/src/main/java/atelier/student/student/config/DataInitializer.java. Using presentation compiler with project's scala-library version: 3.3.3
Oct 07, 2024 4:04:20 PM scala.meta.internal.pc.CompilerAccess handleError
SEVERE: A severe compiler error occurred, full details of the error can be found in the error report /home/m2ipint/mohamed.mbengue.etu/Projet-Spring-Boot-React/.metals/.reports/metals-full/2024-10-07/r_compiler-error_16-04-20-008.md
2024.10.07 16:04:20 INFO  no build target found for /home/m2ipint/mohamed.mbengue.etu/Projet-Spring-Boot-React/student/src/main/java/atelier/student/student/config/DataInitializer.java. Using presentation compiler with project's scala-library version: 3.3.3
2024.10.07 16:04:19 INFO  no build target found for /home/m2ipint/mohamed.mbengue.etu/Projet-Spring-Boot-React/student/src/main/java/atelier/student/student/config/DataInitializer.java. Using presentation compiler with project's scala-library version: 3.3.3
Oct 07, 2024 4:04:20 PM scala.meta.internal.pc.CompilerAccess handleError
SEVERE: A severe compiler error occurred, full details of the error can be found in the error report /home/m2ipint/mohamed.mbengue.etu/Projet-Spring-Boot-React/.metals/.reports/metals-full/2024-10-07/r_compiler-error_16-04-20-855.md
2024.10.07 16:04:20 INFO  no build target found for /home/m2ipint/mohamed.mbengue.etu/Projet-Spring-Boot-React/student/src/main/java/atelier/student/student/config/DataInitializer.java. Using presentation compiler with project's scala-library version: 3.3.3
2024.10.07 16:04:21 INFO  no build target found for /home/m2ipint/mohamed.mbengue.etu/Projet-Spring-Boot-React/student/src/main/java/atelier/student/student/config/DataInitializer.java. Using presentation compiler with project's scala-library version: 3.3.3
Oct 07, 2024 4:04:21 PM scala.meta.internal.pc.CompilerAccess handleError
SEVERE: A severe compiler error occurred, full details of the error can be found in the error report /home/m2ipint/mohamed.mbengue.etu/Projet-Spring-Boot-React/.metals/.reports/metals-full/2024-10-07/r_compiler-error_16-04-21-700.md
2024.10.07 16:04:23 WARN  no build target for: /home/m2ipint/mohamed.mbengue.etu/Projet-Spring-Boot-React/student/src/main/java/atelier/student/student/config/DataInitializer.java
2024.10.07 16:04:23 INFO  no build target found for /home/m2ipint/mohamed.mbengue.etu/Projet-Spring-Boot-React/student/src/main/java/atelier/student/student/config/DataInitializer.java. Using presentation compiler with project's scala-library version: 3.3.3
Oct 07, 2024 4:04:23 PM scala.meta.internal.pc.CompilerAccess handleError
SEVERE: A severe compiler error occurred, full details of the error can be found in the error report /home/m2ipint/mohamed.mbengue.etu/Projet-Spring-Boot-React/.metals/.reports/metals-full/2024-10-07/r_compiler-error_16-04-23-286.md
2024.10.07 16:04:24 INFO  no build target found for /home/m2ipint/mohamed.mbengue.etu/Projet-Spring-Boot-React/student/src/main/java/atelier/student/student/config/DataInitializer.java. Using presentation compiler with project's scala-library version: 3.3.3
Oct 07, 2024 4:04:24 PM scala.meta.internal.pc.CompilerAccess handleError
SEVERE: A severe compiler error occurred, full details of the error can be found in the error report /home/m2ipint/mohamed.mbengue.etu/Projet-Spring-Boot-React/.metals/.reports/metals-full/2024-10-07/r_compiler-error_16-04-24-606.md
2024.10.07 16:04:26 INFO  no build target found for /home/m2ipint/mohamed.mbengue.etu/Projet-Spring-Boot-React/student/src/main/java/atelier/student/student/config/DataInitializer.java. Using presentation compiler with project's scala-library version: 3.3.3
Oct 07, 2024 4:04:26 PM scala.meta.internal.pc.CompilerAccess handleError
SEVERE: A severe compiler error occurred, full details of the error can be found in the error report /home/m2ipint/mohamed.mbengue.etu/Projet-Spring-Boot-React/.metals/.reports/metals-full/2024-10-07/r_compiler-error_16-04-26-701.md
2024.10.07 16:04:28 INFO  no build target found for /home/m2ipint/mohamed.mbengue.etu/Projet-Spring-Boot-React/student/src/main/java/atelier/student/student/config/DataInitializer.java. Using presentation compiler with project's scala-library version: 3.3.3
Oct 07, 2024 4:04:28 PM org.eclipse.lsp4j.jsonrpc.RemoteEndpoint handleCancellation
WARNING: Unmatched cancel notification for request id 362
2024.10.07 16:04:28 INFO  no build target found for /home/m2ipint/mohamed.mbengue.etu/Projet-Spring-Boot-React/student/src/main/java/atelier/student/student/config/DataInitializer.java. Using presentation compiler with project's scala-library version: 3.3.3
2024.10.07 16:04:28 INFO  no build target found for /home/m2ipint/mohamed.mbengue.etu/Projet-Spring-Boot-React/student/src/main/java/atelier/student/student/config/DataInitializer.java. Using presentation compiler with project's scala-library version: 3.3.3
Oct 07, 2024 4:04:28 PM scala.meta.internal.pc.CompilerAccess handleError
SEVERE: A severe compiler error occurred, full details of the error can be found in the error report /home/m2ipint/mohamed.mbengue.etu/Projet-Spring-Boot-React/.metals/.reports/metals-full/2024-10-07/r_compiler-error_16-04-28-672.md
2024.10.07 16:04:28 INFO  no build target found for /home/m2ipint/mohamed.mbengue.etu/Projet-Spring-Boot-React/student/src/main/java/atelier/student/student/config/DataInitializer.java. Using presentation compiler with project's scala-library version: 3.3.3
2024.10.07 16:04:29 INFO  no build target found for /home/m2ipint/mohamed.mbengue.etu/Projet-Spring-Boot-React/student/src/main/java/atelier/student/student/config/DataInitializer.java. Using presentation compiler with project's scala-library version: 3.3.3
Oct 07, 2024 4:04:29 PM scala.meta.internal.pc.CompilerAccess handleError
SEVERE: A severe compiler error occurred, full details of the error can be found in the error report /home/m2ipint/mohamed.mbengue.etu/Projet-Spring-Boot-React/.metals/.reports/metals-full/2024-10-07/r_compiler-error_16-04-29-124.md
2024.10.07 16:04:30 INFO  no build target found for /home/m2ipint/mohamed.mbengue.etu/Projet-Spring-Boot-React/student/src/main/java/atelier/student/student/config/DataInitializer.java. Using presentation compiler with project's scala-library version: 3.3.3
2024.10.07 16:04:30 INFO  no build target found for /home/m2ipint/mohamed.mbengue.etu/Projet-Spring-Boot-React/student/src/main/java/atelier/student/student/config/DataInitializer.java. Using presentation compiler with project's scala-library version: 3.3.3
Oct 07, 2024 4:04:30 PM scala.meta.internal.pc.CompilerAccess handleError
SEVERE: A severe compiler error occurred, full details of the error can be found in the error report /home/m2ipint/mohamed.mbengue.etu/Projet-Spring-Boot-React/.metals/.reports/metals-full/2024-10-07/r_compiler-error_16-04-30-398.md
2024.10.07 16:04:30 INFO  no build target found for /home/m2ipint/mohamed.mbengue.etu/Projet-Spring-Boot-React/student/src/main/java/atelier/student/student/config/DataInitializer.java. Using presentation compiler with project's scala-library version: 3.3.3
2024.10.07 16:04:30 INFO  no build target found for /home/m2ipint/mohamed.mbengue.etu/Projet-Spring-Boot-React/student/src/main/java/atelier/student/student/config/DataInitializer.java. Using presentation compiler with project's scala-library version: 3.3.3
2024.10.07 16:04:30 INFO  no build target found for /home/m2ipint/mohamed.mbengue.etu/Projet-Spring-Boot-React/student/src/main/java/atelier/student/student/config/DataInitializer.java. Using presentation compiler with project's scala-library version: 3.3.3
Oct 07, 2024 4:04:30 PM scala.meta.internal.pc.CompilerAccess handleError
SEVERE: A severe compiler error occurred, full details of the error can be found in the error report /home/m2ipint/mohamed.mbengue.etu/Projet-Spring-Boot-React/.metals/.reports/metals-full/2024-10-07/r_compiler-error_16-04-30-830.md
2024.10.07 16:04:31 INFO  no build target found for /home/m2ipint/mohamed.mbengue.etu/Projet-Spring-Boot-React/student/src/main/java/atelier/student/student/config/DataInitializer.java. Using presentation compiler with project's scala-library version: 3.3.3
Oct 07, 2024 4:04:32 PM scala.meta.internal.pc.CompilerAccess handleError
SEVERE: A severe compiler error occurred, full details of the error can be found in the error report /home/m2ipint/mohamed.mbengue.etu/Projet-Spring-Boot-React/.metals/.reports/metals-full/2024-10-07/r_compiler-error_16-04-32-033.md
2024.10.07 16:04:31 INFO  no build target found for /home/m2ipint/mohamed.mbengue.etu/Projet-Spring-Boot-React/student/src/main/java/atelier/student/student/config/DataInitializer.java. Using presentation compiler with project's scala-library version: 3.3.3
Oct 07, 2024 4:04:32 PM scala.meta.internal.pc.CompilerAccess handleError
SEVERE: A severe compiler error occurred, full details of the error can be found in the error report /home/m2ipint/mohamed.mbengue.etu/Projet-Spring-Boot-React/.metals/.reports/metals-full/2024-10-07/r_compiler-error_16-04-32-518.md
2024.10.07 16:04:40 INFO  no build target found for /home/m2ipint/mohamed.mbengue.etu/Projet-Spring-Boot-React/student/src/main/java/atelier/student/student/config/DataInitializer.java. Using presentation compiler with project's scala-library version: 3.3.3
2024.10.07 16:04:40 INFO  no build target found for /home/m2ipint/mohamed.mbengue.etu/Projet-Spring-Boot-React/student/src/main/java/atelier/student/student/config/DataInitializer.java. Using presentation compiler with project's scala-library version: 3.3.3
2024.10.07 16:04:40 INFO  no build target found for /home/m2ipint/mohamed.mbengue.etu/Projet-Spring-Boot-React/student/src/main/java/atelier/student/student/config/DataInitializer.java. Using presentation compiler with project's scala-library version: 3.3.3
Oct 07, 2024 4:04:40 PM scala.meta.internal.pc.CompilerAccess handleError
SEVERE: A severe compiler error occurred, full details of the error can be found in the error report /home/m2ipint/mohamed.mbengue.etu/Projet-Spring-Boot-React/.metals/.reports/metals-full/2024-10-07/r_compiler-error_16-04-40-491.md
2024.10.07 16:04:40 INFO  no build target found for /home/m2ipint/mohamed.mbengue.etu/Projet-Spring-Boot-React/student/src/main/java/atelier/student/student/config/DataInitializer.java. Using presentation compiler with project's scala-library version: 3.3.3
2024.10.07 16:04:40 INFO  no build target found for /home/m2ipint/mohamed.mbengue.etu/Projet-Spring-Boot-React/student/src/main/java/atelier/student/student/config/DataInitializer.java. Using presentation compiler with project's scala-library version: 3.3.3
Oct 07, 2024 4:04:40 PM scala.meta.internal.pc.CompilerAccess handleError
SEVERE: A severe compiler error occurred, full details of the error can be found in the error report /home/m2ipint/mohamed.mbengue.etu/Projet-Spring-Boot-React/.metals/.reports/metals-full/2024-10-07/r_compiler-error_16-04-40-883.md
2024.10.07 16:04:43 INFO  no build target found for /home/m2ipint/mohamed.mbengue.etu/Projet-Spring-Boot-React/student/src/main/java/atelier/student/student/config/DataInitializer.java. Using presentation compiler with project's scala-library version: 3.3.3
Oct 07, 2024 4:04:43 PM scala.meta.internal.pc.CompilerAccess handleError
SEVERE: A severe compiler error occurred, full details of the error can be found in the error report /home/m2ipint/mohamed.mbengue.etu/Projet-Spring-Boot-React/.metals/.reports/metals-full/2024-10-07/r_compiler-error_16-04-43-276.md
2024.10.07 16:04:46 INFO  no build target found for /home/m2ipint/mohamed.mbengue.etu/Projet-Spring-Boot-React/student/src/main/java/atelier/student/student/config/DataInitializer.java. Using presentation compiler with project's scala-library version: 3.3.3
2024.10.07 16:04:46 INFO  no build target found for /home/m2ipint/mohamed.mbengue.etu/Projet-Spring-Boot-React/student/src/main/java/atelier/student/student/config/DataInitializer.java. Using presentation compiler with project's scala-library version: 3.3.3
Oct 07, 2024 4:04:46 PM scala.meta.internal.pc.CompilerAccess handleError
SEVERE: A severe compiler error occurred, full details of the error can be found in the error report /home/m2ipint/mohamed.mbengue.etu/Projet-Spring-Boot-React/.metals/.reports/metals-full/2024-10-07/r_compiler-error_16-04-46-726.md
2024.10.07 16:04:46 INFO  no build target found for /home/m2ipint/mohamed.mbengue.etu/Projet-Spring-Boot-React/student/src/main/java/atelier/student/student/config/DataInitializer.java. Using presentation compiler with project's scala-library version: 3.3.3
2024.10.07 16:04:46 INFO  no build target found for /home/m2ipint/mohamed.mbengue.etu/Projet-Spring-Boot-React/student/src/main/java/atelier/student/student/config/DataInitializer.java. Using presentation compiler with project's scala-library version: 3.3.3
2024.10.07 16:04:46 INFO  no build target found for /home/m2ipint/mohamed.mbengue.etu/Projet-Spring-Boot-React/student/src/main/java/atelier/student/student/config/DataInitializer.java. Using presentation compiler with project's scala-library version: 3.3.3
2024.10.07 16:04:47 INFO  no build target found for /home/m2ipint/mohamed.mbengue.etu/Projet-Spring-Boot-React/student/src/main/java/atelier/student/student/config/DataInitializer.java. Using presentation compiler with project's scala-library version: 3.3.3
Oct 07, 2024 4:04:47 PM scala.meta.internal.pc.CompilerAccess handleError
SEVERE: A severe compiler error occurred, full details of the error can be found in the error report /home/m2ipint/mohamed.mbengue.etu/Projet-Spring-Boot-React/.metals/.reports/metals-full/2024-10-07/r_compiler-error_16-04-47-275.md
2024.10.07 16:04:46 INFO  no build target found for /home/m2ipint/mohamed.mbengue.etu/Projet-Spring-Boot-React/student/src/main/java/atelier/student/student/config/DataInitializer.java. Using presentation compiler with project's scala-library version: 3.3.3
2024.10.07 16:04:47 INFO  no build target found for /home/m2ipint/mohamed.mbengue.etu/Projet-Spring-Boot-React/student/src/main/java/atelier/student/student/config/DataInitializer.java. Using presentation compiler with project's scala-library version: 3.3.3
2024.10.07 16:04:47 INFO  no build target found for /home/m2ipint/mohamed.mbengue.etu/Projet-Spring-Boot-React/student/src/main/java/atelier/student/student/config/DataInitializer.java. Using presentation compiler with project's scala-library version: 3.3.3
Oct 07, 2024 4:04:47 PM scala.meta.internal.pc.CompilerAccess handleError
SEVERE: A severe compiler error occurred, full details of the error can be found in the error report /home/m2ipint/mohamed.mbengue.etu/Projet-Spring-Boot-React/.metals/.reports/metals-full/2024-10-07/r_compiler-error_16-04-47-730.md
2024.10.07 16:04:52 INFO  no build target found for /home/m2ipint/mohamed.mbengue.etu/Projet-Spring-Boot-React/student/src/main/java/atelier/student/student/config/DataInitializer.java. Using presentation compiler with project's scala-library version: 3.3.3
Oct 07, 2024 4:04:52 PM scala.meta.internal.pc.CompilerAccess handleError
SEVERE: A severe compiler error occurred, full details of the error can be found in the error report /home/m2ipint/mohamed.mbengue.etu/Projet-Spring-Boot-React/.metals/.reports/metals-full/2024-10-07/r_compiler-error_16-04-52-972.md
2024.10.07 16:04:52 INFO  no build target found for /home/m2ipint/mohamed.mbengue.etu/Projet-Spring-Boot-React/student/src/main/java/atelier/student/student/config/DataInitializer.java. Using presentation compiler with project's scala-library version: 3.3.3
2024.10.07 16:04:53 INFO  no build target found for /home/m2ipint/mohamed.mbengue.etu/Projet-Spring-Boot-React/student/src/main/java/atelier/student/student/config/DataInitializer.java. Using presentation compiler with project's scala-library version: 3.3.3
Oct 07, 2024 4:04:53 PM scala.meta.internal.pc.CompilerAccess handleError
SEVERE: A severe compiler error occurred, full details of the error can be found in the error report /home/m2ipint/mohamed.mbengue.etu/Projet-Spring-Boot-React/.metals/.reports/metals-full/2024-10-07/r_compiler-error_16-04-53-695.md
2024.10.07 16:04:54 INFO  no build target found for /home/m2ipint/mohamed.mbengue.etu/Projet-Spring-Boot-React/student/src/main/java/atelier/student/student/config/DataInitializer.java. Using presentation compiler with project's scala-library version: 3.3.3
2024.10.07 16:04:54 INFO  no build target found for /home/m2ipint/mohamed.mbengue.etu/Projet-Spring-Boot-React/student/src/main/java/atelier/student/student/config/DataInitializer.java. Using presentation compiler with project's scala-library version: 3.3.3
2024.10.07 16:04:54 INFO  no build target found for /home/m2ipint/mohamed.mbengue.etu/Projet-Spring-Boot-React/student/src/main/java/atelier/student/student/config/DataInitializer.java. Using presentation compiler with project's scala-library version: 3.3.3
Oct 07, 2024 4:04:54 PM scala.meta.internal.pc.CompilerAccess handleError
SEVERE: A severe compiler error occurred, full details of the error can be found in the error report /home/m2ipint/mohamed.mbengue.etu/Projet-Spring-Boot-React/.metals/.reports/metals-full/2024-10-07/r_compiler-error_16-04-54-365.md
2024.10.07 16:04:54 INFO  no build target found for /home/m2ipint/mohamed.mbengue.etu/Projet-Spring-Boot-React/student/src/main/java/atelier/student/student/config/DataInitializer.java. Using presentation compiler with project's scala-library version: 3.3.3
2024.10.07 16:04:54 INFO  no build target found for /home/m2ipint/mohamed.mbengue.etu/Projet-Spring-Boot-React/student/src/main/java/atelier/student/student/config/DataInitializer.java. Using presentation compiler with project's scala-library version: 3.3.3
2024.10.07 16:04:55 INFO  no build target found for /home/m2ipint/mohamed.mbengue.etu/Projet-Spring-Boot-React/student/src/main/java/atelier/student/student/config/DataInitializer.java. Using presentation compiler with project's scala-library version: 3.3.3
Oct 07, 2024 4:04:55 PM scala.meta.internal.pc.CompilerAccess handleError
SEVERE: A severe compiler error occurred, full details of the error can be found in the error report /home/m2ipint/mohamed.mbengue.etu/Projet-Spring-Boot-React/.metals/.reports/metals-full/2024-10-07/r_compiler-error_16-04-55-086.md
2024.10.07 16:04:55 INFO  no build target found for /home/m2ipint/mohamed.mbengue.etu/Projet-Spring-Boot-React/student/src/main/java/atelier/student/student/config/DataInitializer.java. Using presentation compiler with project's scala-library version: 3.3.3
2024.10.07 16:04:55 INFO  no build target found for /home/m2ipint/mohamed.mbengue.etu/Projet-Spring-Boot-React/student/src/main/java/atelier/student/student/config/DataInitializer.java. Using presentation compiler with project's scala-library version: 3.3.3
2024.10.07 16:04:55 INFO  no build target found for /home/m2ipint/mohamed.mbengue.etu/Projet-Spring-Boot-React/student/src/main/java/atelier/student/student/config/DataInitializer.java. Using presentation compiler with project's scala-library version: 3.3.3
Oct 07, 2024 4:04:55 PM scala.meta.internal.pc.CompilerAccess handleError
SEVERE: A severe compiler error occurred, full details of the error can be found in the error report /home/m2ipint/mohamed.mbengue.etu/Projet-Spring-Boot-React/.metals/.reports/metals-full/2024-10-07/r_compiler-error_16-04-55-468.md
2024.10.07 16:04:56 WARN  no build target for: /home/m2ipint/mohamed.mbengue.etu/Projet-Spring-Boot-React/student/src/main/java/atelier/student/student/config/DataInitializer.java
2024.10.07 16:04:57 INFO  no build target found for /home/m2ipint/mohamed.mbengue.etu/Projet-Spring-Boot-React/student/src/main/java/atelier/student/student/config/DataInitializer.java. Using presentation compiler with project's scala-library version: 3.3.3
Oct 07, 2024 4:04:57 PM scala.meta.internal.pc.CompilerAccess handleError
SEVERE: A severe compiler error occurred, full details of the error can be found in the error report /home/m2ipint/mohamed.mbengue.etu/Projet-Spring-Boot-React/.metals/.reports/metals-full/2024-10-07/r_compiler-error_16-04-57-076.md
2024.10.07 16:04:57 INFO  no build target found for /home/m2ipint/mohamed.mbengue.etu/Projet-Spring-Boot-React/student/src/main/java/atelier/student/student/config/DataInitializer.java. Using presentation compiler with project's scala-library version: 3.3.3
Oct 07, 2024 4:04:57 PM scala.meta.internal.pc.CompilerAccess handleError
SEVERE: A severe compiler error occurred, full details of the error can be found in the error report /home/m2ipint/mohamed.mbengue.etu/Projet-Spring-Boot-React/.metals/.reports/metals-full/2024-10-07/r_compiler-error_16-04-57-865.md
2024.10.07 16:05:35 INFO  no build target found for /home/m2ipint/mohamed.mbengue.etu/Projet-Spring-Boot-React/student/src/main/java/atelier/student/student/config/DataInitializer.java. Using presentation compiler with project's scala-library version: 3.3.3
Oct 07, 2024 4:05:35 PM scala.meta.internal.pc.CompilerAccess handleError
SEVERE: A severe compiler error occurred, full details of the error can be found in the error report /home/m2ipint/mohamed.mbengue.etu/Projet-Spring-Boot-React/.metals/.reports/metals-full/2024-10-07/r_compiler-error_16-05-35-827.md
2024.10.07 16:05:35 INFO  no build target found for /home/m2ipint/mohamed.mbengue.etu/Projet-Spring-Boot-React/student/src/main/java/atelier/student/student/config/DataInitializer.java. Using presentation compiler with project's scala-library version: 3.3.3
Oct 07, 2024 4:05:36 PM scala.meta.internal.pc.CompilerAccess handleError
SEVERE: A severe compiler error occurred, full details of the error can be found in the error report /home/m2ipint/mohamed.mbengue.etu/Projet-Spring-Boot-React/.metals/.reports/metals-full/2024-10-07/r_compiler-error_16-05-36-576.md
2024.10.07 16:05:38 INFO  no build target found for /home/m2ipint/mohamed.mbengue.etu/Projet-Spring-Boot-React/student/src/main/java/atelier/student/student/config/DataInitializer.java. Using presentation compiler with project's scala-library version: 3.3.3
Oct 07, 2024 4:05:38 PM scala.meta.internal.pc.CompilerAccess handleError
SEVERE: A severe compiler error occurred, full details of the error can be found in the error report /home/m2ipint/mohamed.mbengue.etu/Projet-Spring-Boot-React/.metals/.reports/metals-full/2024-10-07/r_compiler-error_16-05-38-618.md
2024.10.07 16:05:39 INFO  no build target found for /home/m2ipint/mohamed.mbengue.etu/Projet-Spring-Boot-React/student/src/main/java/atelier/student/student/config/DataInitializer.java. Using presentation compiler with project's scala-library version: 3.3.3
Oct 07, 2024 4:05:39 PM scala.meta.internal.pc.CompilerAccess handleError
SEVERE: A severe compiler error occurred, full details of the error can be found in the error report /home/m2ipint/mohamed.mbengue.etu/Projet-Spring-Boot-React/.metals/.reports/metals-full/2024-10-07/r_compiler-error_16-05-39-691.md
2024.10.07 16:05:39 INFO  no build target found for /home/m2ipint/mohamed.mbengue.etu/Projet-Spring-Boot-React/student/src/main/java/atelier/student/student/config/DataInitializer.java. Using presentation compiler with project's scala-library version: 3.3.3
Oct 07, 2024 4:05:40 PM scala.meta.internal.pc.CompilerAccess handleError
SEVERE: A severe compiler error occurred, full details of the error can be found in the error report /home/m2ipint/mohamed.mbengue.etu/Projet-Spring-Boot-React/.metals/.reports/metals-full/2024-10-07/r_compiler-error_16-05-40-206.md
2024.10.07 16:05:41 INFO  no build target found for /home/m2ipint/mohamed.mbengue.etu/Projet-Spring-Boot-React/student/src/main/java/atelier/student/student/config/DataInitializer.java. Using presentation compiler with project's scala-library version: 3.3.3
Oct 07, 2024 4:05:41 PM scala.meta.internal.pc.CompilerAccess handleError
SEVERE: A severe compiler error occurred, full details of the error can be found in the error report /home/m2ipint/mohamed.mbengue.etu/Projet-Spring-Boot-React/.metals/.reports/metals-full/2024-10-07/r_compiler-error_16-05-41-371.md
2024.10.07 16:05:57 INFO  no build target found for /home/m2ipint/mohamed.mbengue.etu/Projet-Spring-Boot-React/student/src/main/java/atelier/student/student/config/DataInitializer.java. Using presentation compiler with project's scala-library version: 3.3.3
Oct 07, 2024 4:05:57 PM scala.meta.internal.pc.CompilerAccess handleError
SEVERE: A severe compiler error occurred, full details of the error can be found in the error report /home/m2ipint/mohamed.mbengue.etu/Projet-Spring-Boot-React/.metals/.reports/metals-full/2024-10-07/r_compiler-error_16-05-57-338.md
2024.10.07 16:06:18 INFO  no build target found for /home/m2ipint/mohamed.mbengue.etu/Projet-Spring-Boot-React/student/src/main/java/atelier/student/student/Repository/StageRepository.java. Using presentation compiler with project's scala-library version: 3.3.3
